/Users/rob/Projects/Julia/BHAtp cases/cases/case_01
WOB: 30, Incl: 30
Dalpha: 2.7497132867350875
Errors (1): 3.0391701459801763
Errors (100): 0.0004275209755724546
Errors (854): 9.902654312143708e-8

WOB: 30000.0, Incl: 30.0
Force on bit: 848.4643
New dalpha: 0.5
Errors (1): 2.9275374847136626
Errors (100): 0.0005858722109716105
Errors (857): 9.957492793771865e-8

WOB: 30000.0, Incl: 30.0
Force on bit: 742.23873
New dalpha: 3.9936914435949857
Errors (1): 2.551411002577546
Errors (100): 0.0005617521000418842
Errors (930): 9.904289965511495e-8

WOB: 30000.0, Incl: 30.0
Force on bit: -211.17632
New dalpha: 3.219857527008629
Errors (1): 2.60071152962104
Errors (100): 0.00048349184999261433
Errors (915): 9.953917798582848e-8

WOB: 30000.0, Incl: 30.0
Force on bit: 5.84147
New dalpha: 3.240686822195543
Errors (1): 2.600102749277476
Errors (100): 0.000485623098649443
Errors (915): 9.998179961463055e-8
