/Users/rob/Projects/Julia/BHAtp cases/cases/figure_03
WOB: 30, Incl: 45
Dalpha: -5.49149513494518
Errors (1): 18.546858595496417
Errors (100): 0.005788101504192873
Errors (1000): 0.00042269366870491964
Errors (4715): 9.987280300573098e-8

WOB: 30000.0, Incl: 45.0
Force on bit: -14433.23402
New dalpha: -0.5
Errors (1): 18.809007913385354
Errors (100): 0.0061569384786568085
Errors (1000): 0.0004608585508198345
Errors (4758): 9.992128626998186e-8

WOB: 30000.0, Incl: 45.0
Force on bit: -13149.48891
New dalpha: -5.621534176671568
Errors (1): 27.972328334278842
Errors (100): 0.017167408105671703
Errors (1000): 0.0009543370049971612
Errors (5000): 1.7622574520767523e-7
Errors (5510): 9.991229839556436e-8

WOB: 30000.0, Incl: 45.0
Force on bit: 12.43646
New dalpha: -5.616694933693333
Errors (1): 27.96546697889098
Errors (100): 0.01713528988421245
Errors (1000): 0.0009538373287059558
Errors (5000): 1.7597845560858017e-7
Errors (5508): 9.996591126736411e-8
