/Users/rob/Projects/Julia/BHAtp cases/cases/figure_07
WOB: 40, Incl: 60
Dalpha: 0.5
Errors (1): 17.62999340367099
Errors (100): 0.03277907552239859
Errors (1000): 0.0013711476604367362
Errors (5000): 6.463578570625335e-6
Errors (10000): 1.1298615991033585e-6
Errors (15000): 4.80931233010817e-7
Errors (20000): 2.442006908722199e-7
Errors (25000): 1.539385881711388e-7
Errors (30000): 1.2080455177895044e-7
Errors (35000): 1.0771884470852582e-7
Errors (39238): 9.999979201739935e-8

WOB: 40000.0, Incl: 60.0
Force on bit: 195.05481
New dalpha: 0.5
Errors (1): 15.114807768234712
Errors (100): 0.033299632055436255
Errors (1000): 0.001327927298755571
Errors (5000): 7.865172703851742e-6
Errors (10000): 1.1315647417905145e-6
Errors (15000): 4.7452015398467433e-7
Errors (20000): 2.3682298589811327e-7
Errors (25000): 1.4650503761135172e-7
Errors (30000): 1.1371593048547633e-7
Errors (35000): 1.0146204003460448e-7
Errors (35882): 9.999957946635122e-8
