/Users/rob/Projects/Julia/BHAtp cases/cases/figure_03
WOB: 40, Incl: 35
Dalpha: -5.324608065517581
Errors (1): 18.63194750498816
Errors (100): 0.008976983411861896
Errors (1000): 0.0006207586825259698
Errors (5000): 1.2872461473243803e-7
Errors (5207): 9.999394769021163e-8

WOB: 40000.0, Incl: 35.0
Force on bit: -13818.35062
New dalpha: -0.5
Errors (1): 18.948459391194362
Errors (100): 0.009340278011819615
Errors (1000): 0.0006685667693204397
Errors (5000): 1.3960738693596427e-7
Errors (5280): 9.991693233964551e-8

WOB: 40000.0, Incl: 35.0
Force on bit: -12554.7727
New dalpha: -5.467945585817138
Errors (1): 27.796647992695632
Errors (100): 0.03149319076580903
Errors (1000): 0.003397267953751405
Errors (5000): 4.818105855899874e-7
Errors (7134): 9.995520398696732e-8

WOB: 40000.0, Incl: 35.0
Force on bit: 10.0691
New dalpha: -5.463964418231076
Errors (1): 27.791247646679164
Errors (100): 0.03140260492257641
Errors (1000): 0.0033922752636036256
Errors (5000): 4.812622949721881e-7
Errors (7130): 9.997888875965283e-8
