/Users/rob/Projects/Julia/BHAtp cases/cases/figure_07
WOB: 40, Incl: 45
Dalpha: -1.8852775852261359
Errors (1): 11.323403666780312
Errors (100): 0.11092016261262802
Errors (1000): 0.008186245478886021
Errors (5000): 0.0010207670748855829
Errors (10000): 0.0001980858423197454
Errors (15000): 3.981750374590777e-5
Errors (20000): 8.804373756247166e-6
Errors (25000): 2.3548499019951684e-6
Errors (30000): 8.206568782463478e-7
Errors (35000): 3.600039931008009e-7
Errors (40000): 1.8002474723446815e-7
Errors (44613): 9.999306504132189e-8

WOB: 40000.0, Incl: 45.0
Force on bit: -3827.25258
New dalpha: -0.5
Errors (1): 11.610685529349986
Errors (100): 0.11082281573140136
Errors (1000): 0.008149820505541182
Errors (5000): 0.0010063409776627972
Errors (10000): 0.00019585595403817218
Errors (15000): 3.957515555636645e-5
Errors (20000): 8.85252746254395e-6
Errors (25000): 2.423132959461001e-6
Errors (30000): 8.72549741305179e-7
Errors (35000): 3.9536208012746664e-7
Errors (40000): 2.0317864812793458e-7
Errors (45000): 1.1010933878665267e-7
Errors (45806): 9.999110334486235e-8

WOB: 40000.0, Incl: 45.0
Force on bit: -2735.57189
New dalpha: -1.7529175953455771
Errors (1): 12.363701455657885
Errors (100): 0.11105006407950048
Errors (1000): 0.008070039457297498
Errors (5000): 0.0009711230129571001
Errors (10000): 0.00019044293308128813
Errors (15000): 3.9041552498069614e-5
Errors (20000): 9.04058804061025e-6
Errors (25000): 2.6591091210405153e-6
Errors (30000): 1.0595323318163225e-6
Errors (35000): 5.303129880975128e-7
Errors (40000): 2.9695879634464427e-7
Errors (45000): 1.7379948138968704e-7
Errors (50000): 1.0341719940824706e-7
Errors (50327): 9.999461668528888e-8
