/Users/rob/Projects/Julia/BHAtp cases/cases/case_01
WOB: 40, Incl: 40
Dalpha: 2.904890218460385
Errors (1): 2.978443366853938
Errors (100): 0.00014146552733788033
Errors (796): 9.905365301785475e-8

WOB: 40000.0, Incl: 40.0
Force on bit: 992.36438
New dalpha: 0.5
Errors (1): 2.8748938586001715
Errors (100): 0.00016511649296748675
Errors (811): 9.93285262611696e-8

WOB: 40000.0, Incl: 40.0
Force on bit: 842.61864
New dalpha: 3.313497866450158
Errors (1): 2.5779782993480906
Errors (100): 0.00042799673840535025
Errors (903): 9.990980357534616e-8

WOB: 40000.0, Incl: 40.0
Force on bit: 1.53254
New dalpha: 3.3186243309348877
Errors (1): 2.5745445204238973
Errors (100): 0.00042844303776077707
Errors (904): 9.897881369288359e-8
