/Users/rob/.julia/dev/BHAtp_case_01_example/cases/01
WOB: 40, Incl: 25
Dalpha: 1.7983345268962843
Errors (1): 3.0685604959552846
Errors (100): 0.0002812014644517678
Errors (858): 9.942342325760093e-8

WOB: 40000.0, Incl: 25.0
Force on bit: 711.27584
New dalpha: 0.5
Errors (1): 2.9543909041017433
Errors (100): 0.0004419898333173398
Errors (861): 9.967590515959951e-8

WOB: 40000.0, Incl: 25.0
Force on bit: 588.39883
New dalpha: 2.8942592271735768
Errors (1): 2.65597420262895
Errors (100): 0.00047838500325356187
Errors (913): 9.993643386554219e-8

WOB: 40000.0, Incl: 25.0
Force on bit: -63.25728
New dalpha: 2.6618447312427356
Errors (1): 2.6680673379509336
Errors (100): 0.00045272148851185256
Errors (908): 9.953906954172866e-8

WOB: 40000.0, Incl: 25.0
Force on bit: 6.13378
New dalpha: 2.6823888674304617
Errors (1): 2.6669456001715655
Errors (100): 0.00045499571856446957
Errors (909): 9.901150875478468e-8
