/Users/rob/Projects/Julia/BHAtp cases/cases/figure_07
WOB: 20, Incl: 35
Dalpha: 3.891561531905236
Errors (1): 17.727292522408657
Errors (100): 0.03220034174716731
Errors (1000): 0.0017615223506962665
Errors (5000): 6.665506157768518e-6
Errors (10000): 1.3984137894665885e-6
Errors (15000): 7.232923285012427e-7
Errors (20000): 3.998310674599098e-7
Errors (25000): 2.4235479073395755e-7
Errors (30000): 1.6398948414365786e-7
Errors (35000): 1.235822059510758e-7
Errors (40000): 1.0380868674814516e-7
Errors (41788): 9.999897770411032e-8

WOB: 20000.0, Incl: 35.0
Force on bit: 1248.42776
New dalpha: 0.5
Errors (1): 15.185365965846065
Errors (100): 0.03249114868036497
Errors (1000): 0.0017027252099692807
Errors (5000): 6.18869482619917e-6
Errors (10000): 1.3807890627834374e-6
Errors (15000): 7.011837333845519e-7
Errors (20000): 3.793396506204932e-7
Errors (25000): 2.249179160406172e-7
Errors (30000): 1.494712938893341e-7
Errors (35000): 1.1147274907955137e-7
Errors (37693): 9.999670138998995e-8

WOB: 20000.0, Incl: 35.0
Force on bit: 621.47001
New dalpha: 0.995623516895676
Errors (1): 15.169947853138975
Errors (100): 0.03312354083357691
Errors (1000): 0.0015798198828776353
Errors (5000): 7.942647694251276e-6
Errors (10000): 1.367825009738854e-6
Errors (15000): 6.785704246010786e-7
Errors (20000): 3.5816198229696596e-7
Errors (25000): 2.0654805050309278e-7
Errors (30000): 1.3379327902604353e-7
Errors (34614): 9.999583941163272e-8
