/Users/rob/Projects/Julia/BHAtp cases/cases
WOB: 20, Incl: 30
Dalpha: 0.0
Errors (1): 3.0441380030878022
Errors (100): 0.00028281016334244627
Errors (848): 9.944291763066354e-8

WOB: 20000.0, Incl: 30.0
Force on bit: 856.73104
New dalpha: 0.5
Errors (1): 2.929037744269369
Errors (100): 0.00043388271920863586
Errors (853): 9.946317920210046e-8

WOB: 20000.0, Incl: 30.0
Force on bit: 767.58416
New dalpha: 4.805165587399133
Errors (1): 2.479596211925792
Errors (100): 0.0006397055894090901
Errors (942): 9.971324656764263e-8

WOB: 20000.0, Incl: 30.0
Force on bit: -310.44806
New dalpha: 3.5653786127697273
Errors (1): 2.5629280687692177
Errors (100): 0.0005170093290164848
Errors (922): 9.914189202974231e-8

WOB: 20000.0, Incl: 30.0
Force on bit: 14.64348
New dalpha: 3.621223793383305
Errors (1): 2.560147692334336
Errors (100): 0.0005226453314082855
Errors (923): 9.919125885330539e-8
