/Users/rob/.julia/dev/BHAtp_case_01_example/cases/01
WOB: 20, Incl: 20
Dalpha: 0.0
Errors (1): 3.1292325454117473
Errors (100): 0.0004842294757340232
Errors (844): 9.969146368930635e-8

WOB: 20000.0, Incl: 20.0
Force on bit: 590.44196
New dalpha: 0.5
Errors (1): 2.990185613092276
Errors (100): 0.0003925333097353641
Errors (852): 9.986618739141434e-8

WOB: 20000.0, Incl: 20.0
Force on bit: 501.68302
New dalpha: 3.3260985315958034
Errors (1): 2.624009539082218
Errors (100): 0.0005457332970720461
Errors (927): 9.900938492333291e-8

WOB: 20000.0, Incl: 20.0
Force on bit: -59.5919
New dalpha: 3.0260448946276597
Errors (1): 2.641625364458313
Errors (100): 0.0005115818485004561
Errors (920): 9.972266652336209e-8

WOB: 20000.0, Incl: 20.0
Force on bit: 19.05561
New dalpha: 3.0987452901665207
Errors (1): 2.6364320778324695
Errors (100): 0.0005198736573519498
Errors (922): 9.927867994755477e-8
