/Users/rob/.julia/dev/BHAtp_case_01_example/cases/01
WOB: 20, Incl: 25
Dalpha: 2.540145588451489
Errors (1): 3.0832041712017673
Errors (100): 0.00025035704987735224
Errors (847): 9.928411327996079e-8

WOB: 20000.0, Incl: 25.0
Force on bit: 726.27708
New dalpha: 0.5
Errors (1): 2.958319882825427
Errors (100): 0.00022573007195662235
Errors (853): 9.979581791880634e-8

WOB: 20000.0, Incl: 25.0
Force on bit: 637.34233
New dalpha: 4.083201898020739
Errors (1): 2.5487461467242865
Errors (100): 0.0006019708624465308
Errors (936): 9.975821327985404e-8

WOB: 20000.0, Incl: 25.0
Force on bit: -188.1429
New dalpha: 3.26652587296439
Errors (1): 2.603731402597898
Errors (100): 0.0005144529892892501
Errors (921): 9.952781923573343e-8

WOB: 20000.0, Incl: 25.0
Force on bit: 25.95567
New dalpha: 3.365533416094054
Errors (1): 2.597179286157624
Errors (100): 0.0005251600342581264
Errors (923): 9.952663352404835e-8
