/Users/rob/Projects/Julia/BHAtp cases/cases/figure_07
WOB: 60, Incl: 30
Dalpha: 0.5
Errors (1): 17.75662157177289
Errors (100): 0.0325095434925921
Errors (1000): 0.0020733230529225324
Errors (5000): 9.082512580192774e-6
Errors (10000): 1.4955608362602517e-6
Errors (15000): 8.361624579586033e-7
Errors (20000): 4.833057982460807e-7
Errors (25000): 2.920739102699755e-7
Errors (30000): 1.8770268880765725e-7
Errors (35000): 1.3009010465845665e-7
Errors (39541): 9.999662191983258e-8

WOB: 60000.0, Incl: 30.0
Force on bit: 1060.83829
New dalpha: 0.5
Errors (1): 15.222471455885488
Errors (100): 0.032599897480734386
Errors (1000): 0.002094705847855974
Errors (5000): 8.318743857628655e-6
Errors (10000): 1.4978557638259618e-6
Errors (15000): 8.433961488233123e-7
Errors (20000): 4.872746984278844e-7
Errors (25000): 2.916854470504005e-7
Errors (30000): 1.8378366304635615e-7
Errors (35000): 1.2382014319679074e-7
Errors (38221): 9.999575113855635e-8

WOB: 60000.0, Incl: 30.0
Force on bit: 696.39079
New dalpha: 1.4554061833323046
Errors (1): 15.196150572493302
Errors (100): 0.033319025810074794
Errors (1000): 0.002012240231614069
Errors (5000): 1.0977090710543574e-5
Errors (10000): 1.5168997289420932e-6
Errors (15000): 8.6056346438068e-7
Errors (20000): 4.983592728961921e-7
Errors (25000): 2.931775107457972e-7
Errors (30000): 1.7674833759578566e-7
Errors (35000): 1.1050153669939135e-7
Errors (36133): 9.99970775921366e-8
