/Users/rob/Projects/Julia/BHAtp cases/cases/figure_07
WOB: 60, Incl: 35
Dalpha: 1.4554061833323046
Errors (1): 17.73118153755888
Errors (100): 0.03228379703542278
Errors (1000): 0.0016532000000423226
Errors (5000): 8.616635355814635e-6
Errors (10000): 1.4354560674518447e-6
Errors (15000): 7.513051514989401e-7
Errors (20000): 4.1398381203196625e-7
Errors (25000): 2.450216106977194e-7
Errors (30000): 1.5921329372532897e-7
Errors (35000): 1.1466749007922406e-7
Errors (38092): 9.999658054427304e-8

WOB: 60000.0, Incl: 35.0
Force on bit: 1220.92078
New dalpha: 0.5
Errors (1): 15.196688737317626
Errors (100): 0.03238238582172217
Errors (1000): 0.001769795949871879
Errors (5000): 8.033326059094745e-6
Errors (10000): 1.4459859834634328e-6
Errors (15000): 7.595618216781296e-7
Errors (20000): 4.146751434247143e-7
Errors (25000): 2.3939134129164527e-7
Errors (30000): 1.4960597715576406e-7
Errors (35000): 1.0303535910211739e-7
Errors (35472): 9.999605464587647e-8

WOB: 60000.0, Incl: 35.0
Force on bit: 340.08571
New dalpha: 0.6930473261015823
Errors (1): 15.190143126290076
Errors (100): 0.03249852006635489
Errors (1000): 0.0017406377947695578
Errors (5000): 1.1737070261644782e-5
Errors (10000): 1.4678916706884502e-6
Errors (15000): 7.632154861468267e-7
Errors (20000): 4.1520275385611377e-7
Errors (25000): 2.3721227837212206e-7
Errors (30000): 1.456355009220086e-7
Errors (34720): 9.999537388581797e-8
