/Users/rob/Projects/Julia/BHAtp cases/cases/figure_03
WOB: 30, Incl: 55
Dalpha: -5.734183552058835
Errors (1): 18.47694358985513
Errors (100): 0.004177429057293935
Errors (1000): 0.00025605078200654596
Errors (4506): 9.998223834291887e-8

WOB: 30000.0, Incl: 55.0
Force on bit: -14937.20142
New dalpha: -0.5
Errors (1): 18.70005698212959
Errors (100): 0.004400792891679082
Errors (1000): 0.000288163620744936
Errors (4542): 9.989247379464736e-8

WOB: 30000.0, Incl: 55.0
Force on bit: -13660.30624
New dalpha: -5.849031954212563
Errors (1): 28.25320579507604
Errors (100): 0.010334324649937547
Errors (1000): 0.0007706004150363203
Errors (4995): 9.991853804400616e-8

WOB: 30000.0, Incl: 55.0
Force on bit: 15.26092
New dalpha: -5.843062830754968
Errors (1): 28.244510488986837
Errors (100): 0.010325664578486429
Errors (1000): 0.0007700316546471257
Errors (4994): 9.995982308306214e-8
