/Users/rob/Projects/Julia/BHAtp cases/cases/figure_03
WOB: 40, Incl: 40
Dalpha: -5.463964418231076
Errors (1): 18.577890802539194
Errors (100): 0.006919346162817078
Errors (1000): 0.0005162490973721174
Errors (4994): 9.994535255562277e-8

WOB: 40000.0, Incl: 40.0
Force on bit: -14131.84449
New dalpha: -0.5
Errors (1): 18.867907729384786
Errors (100): 0.007300838311300887
Errors (1000): 0.0005632839457266606
Errors (5000): 1.0649154168558286e-7
Errors (5049): 9.993546891218792e-8

WOB: 40000.0, Incl: 40.0
Force on bit: -12871.01553
New dalpha: -5.604187775794748
Errors (1): 27.971483694149818
Errors (100): 0.020143395764595326
Errors (1000): 0.0014880747605752662
Errors (5000): 3.0771544523448614e-7
Errors (6226): 9.99519305288223e-8

WOB: 40000.0, Incl: 40.0
Force on bit: 11.67524
New dalpha: -5.5995619861711825
Errors (1): 27.965022056850515
Errors (100): 0.020104883074760417
Errors (1000): 0.0014864329140106948
Errors (5000): 3.072386530388413e-7
Errors (6223): 9.999553846738988e-8
