/Users/rob/Projects/Julia/BHAtp cases/cases/figure_07
WOB: 60, Incl: 50
Dalpha: -1.9233532315740742
Errors (1): 11.32261080326015
Errors (100): 0.10972940584370615
Errors (1000): 0.008208267634143958
Errors (5000): 0.0010114869852314
Errors (10000): 0.00021498051442754291
Errors (15000): 4.6634413261188936e-5
Errors (20000): 1.0724825762320307e-5
Errors (25000): 2.7682694573008533e-6
Errors (30000): 8.568377525414023e-7
Errors (35000): 3.2505152802114644e-7
Errors (40000): 1.4432866018864414e-7
Errors (42489): 9.998925116516499e-8

WOB: 60000.0, Incl: 50.0
Force on bit: -4255.41492
New dalpha: -0.5
Errors (1): 11.609126681404234
Errors (100): 0.1095314608808502
Errors (1000): 0.008135248651895924
Errors (5000): 0.000979892072482598
Errors (10000): 0.00020938174010603063
Errors (15000): 4.56959093249643e-5
Errors (20000): 1.058987138490623e-5
Errors (25000): 2.7605372188041144e-6
Errors (30000): 8.642352470666672e-7
Errors (35000): 3.313838866480398e-7
Errors (40000): 1.484118142761824e-7
Errors (42710): 9.9992073835076e-8

WOB: 60000.0, Incl: 50.0
Force on bit: -3240.26264
New dalpha: -2.095949053081967
Errors (1): 12.567353132857159
Errors (100): 0.10947990746302223
Errors (1000): 0.007924024006157365
Errors (5000): 0.0008809078619819494
Errors (10000): 0.00019195445508063435
Errors (15000): 4.2862752439283674e-5
Errors (20000): 1.025556373384317e-5
Errors (25000): 2.8042824571570634e-6
Errors (30000): 9.367782346186193e-7
Errors (35000): 3.8558195504437085e-7
Errors (40000): 1.8436170621904893e-7
Errors (44647): 9.999133113659416e-8
