/Users/rob/Projects/Julia/BHAtp cases/cases/figure_07
WOB: 40, Incl: 55
Dalpha: -1.909190289008736
Errors (1): 11.322521999388503
Errors (100): 0.1100042989869802
Errors (1000): 0.007948746193929806
Errors (5000): 0.0009337086118295969
Errors (10000): 0.00018289976824628957
Errors (15000): 3.686326899769323e-5
Errors (20000): 7.996813493059273e-6
Errors (25000): 1.998555070230695e-6
Errors (30000): 6.149088839961836e-7
Errors (35000): 2.3321240538437182e-7
Errors (40000): 1.0213151964526043e-7
Errors (40136): 9.999283624614025e-8

WOB: 40000.0, Incl: 55.0
Force on bit: -4462.8204
New dalpha: -0.5
Errors (1): 11.608576555664335
Errors (100): 0.10988195651051373
Errors (1000): 0.007905405423056523
Errors (5000): 0.0009167899717730495
Errors (10000): 0.00018021724768660572
Errors (15000): 3.6508332257105675e-5
Errors (20000): 7.989381083359734e-6
Errors (25000): 2.0265310131899287e-6
Errors (30000): 6.364288176737506e-7
Errors (35000): 2.465768745566094e-7
Errors (40000): 1.0999711332267693e-7
Errors (40629): 9.999311903858797e-8

WOB: 40000.0, Incl: 55.0
Force on bit: -3374.96675
New dalpha: -2.0512044060338455
Errors (1): 12.540148925777345
Errors (100): 0.11003106624807815
Errors (1000): 0.007791947870762687
Errors (5000): 0.0008656466006771719
Errors (10000): 0.00017220467732648428
Errors (15000): 3.5537203133794855e-5
Errors (20000): 8.054306728265884e-6
Errors (25000): 2.1785666903365925e-6
Errors (30000): 7.500374365593235e-7
Errors (35000): 3.2024527646592475e-7
Errors (40000): 1.5576956086732194e-7
Errors (43331): 9.999266354149113e-8
