/Users/rob/Projects/Julia/BHAtp cases/cases/figure_07
WOB: 40, Incl: 50
Dalpha: -1.7529175953455771
Errors (1): 11.322941107616078
Errors (100): 0.11044043202510498
Errors (1000): 0.008060182873496288
Errors (5000): 0.0009749032825790021
Errors (10000): 0.00019005300769106329
Errors (15000): 3.824413034140953e-5
Errors (20000): 8.366655478324778e-6
Errors (25000): 2.1562930999099693e-6
Errors (30000): 7.029496842440738e-7
Errors (35000): 2.8580963056193163e-7
Errors (40000): 1.3349546266534128e-7
Errors (42041): 9.999779419516595e-8

WOB: 40000.0, Incl: 50.0
Force on bit: -4161.42282
New dalpha: -0.5
Errors (1): 11.609580342323987
Errors (100): 0.1103267929277167
Errors (1000): 0.0080201766005308
Errors (5000): 0.0009592690878068787
Errors (10000): 0.00018760764509569855
Errors (15000): 3.79483649923826e-5
Errors (20000): 8.386698436498128e-6
Errors (25000): 2.2027611236402222e-6
Errors (30000): 7.376073980487653e-7
Errors (35000): 3.0822803144704266e-7
Errors (40000): 1.473768039002991e-7
Errors (42838): 9.99869547471874e-8

WOB: 40000.0, Incl: 50.0
Force on bit: -3071.5831
New dalpha: -1.909190289008736
Errors (1): 12.456061776478476
Errors (100): 0.11051494698872874
Errors (1000): 0.007920688378719816
Errors (5000): 0.0009162653740015584
Errors (10000): 0.00018094472978674657
Errors (15000): 3.721664463062393e-5
Errors (20000): 8.523389319539234e-6
Errors (25000): 2.401016531398135e-6
Errors (30000): 8.884861517843518e-7
Errors (35000): 4.1111127947436573e-7
Errors (40000): 2.1486500202379495e-7
Errors (45000): 1.183296441718253e-7
Errors (46450): 9.999725294122108e-8
