/Users/rob/Projects/Julia/BHAtp cases/cases/figure_07
WOB: 20, Incl: 45
Dalpha: 0.0
Errors (1): 11.323734523078521
Errors (100): 0.11156947323427091
Errors (1000): 0.008036977099807432
Errors (5000): 0.0009768261182806744
Errors (10000): 0.000173303138261245
Errors (15000): 3.230608568961379e-5
Errors (20000): 6.879047291615551e-6
Errors (25000): 1.8949757172310267e-6
Errors (30000): 7.122471463868868e-7
Errors (35000): 3.3286621588288655e-7
Errors (40000): 1.719706667032521e-7
Errors (44340): 9.99953703764287e-8

WOB: 20000.0, Incl: 45.0
Force on bit: -3747.4369
New dalpha: -0.5
Errors (1): 11.611140238638763
Errors (100): 0.11156979654755939
Errors (1000): 0.00803745235744077
Errors (5000): 0.000978442102058688
Errors (10000): 0.00017360798968866334
Errors (15000): 3.250588844054645e-5
Errors (20000): 7.034647245156871e-6
Errors (25000): 2.0115839468037004e-6
Errors (30000): 7.949167715320017e-7
Errors (35000): 3.8899684551746915e-7
Errors (40000): 2.089000420091268e-7
Errors (45000): 1.1592763349847398e-7
Errors (46274): 9.999173652886147e-8

WOB: 20000.0, Incl: 45.0
Force on bit: -2585.45947
New dalpha: -1.6125256839110889
Errors (1): 12.280104279227197
Errors (100): 0.11198399615705236
Errors (1000): 0.008046126108923076
Errors (5000): 0.0009963538742769995
Errors (10000): 0.00017504771720344025
Errors (15000): 3.3104879095811696e-5
Errors (20000): 7.460424360194201e-6
Errors (25000): 2.3453880515238124e-6
Errors (30000): 1.0483266525304532e-6
Errors (35000): 5.736468366164359e-7
Errors (40000): 3.392114285956138e-7
Errors (45000): 2.0574761894884457e-7
Errors (50000): 1.258717202972868e-7
Errors (52356): 9.999171035231865e-8
