/Users/rob/Projects/Julia/BHAtp cases/cases/figure_07
WOB: 20, Incl: 50
Dalpha: -1.6125256839110889
Errors (1): 11.323271634941916
Errors (100): 0.11107410539551195
Errors (1000): 0.00791306529274934
Errors (5000): 0.0009335050261306012
Errors (10000): 0.000166357069755386
Errors (15000): 3.1011929787060155e-5
Errors (20000): 6.503521259707804e-6
Errors (25000): 1.7100141708616867e-6
Errors (30000): 5.981372314076047e-7
Errors (35000): 2.6015951336964735e-7
Errors (40000): 1.2633042971429093e-7
Errors (41701): 9.999527731016651e-8

WOB: 20000.0, Incl: 50.0
Force on bit: -4073.61474
New dalpha: -0.5
Errors (1): 11.610034416864083
Errors (100): 0.11104885166192023
Errors (1000): 0.007910017277898375
Errors (5000): 0.0009313292252664565
Errors (10000): 0.0001661545604810857
Errors (15000): 3.111188090411034e-5
Errors (20000): 6.620018991912304e-6
Errors (25000): 1.7982771669899073e-6
Errors (30000): 6.579380472774111e-7
Errors (35000): 2.9861759263715667e-7
Errors (40000): 1.5028141842961824e-7
Errors (43129): 9.999157174472318e-8

WOB: 20000.0, Incl: 50.0
Force on bit: -2913.36299
New dalpha: -1.755487436239592
Errors (1): 12.364655883210647
Errors (100): 0.1114401154777115
Errors (1000): 0.007910482634950585
Errors (5000): 0.0009266212124544553
Errors (10000): 0.00016575517126232584
Errors (15000): 3.14262563373553e-5
Errors (20000): 6.987292400634108e-6
Errors (25000): 2.0951823418397773e-6
Errors (30000): 8.736983968279736e-7
Errors (35000): 4.4739586726758505e-7
Errors (40000): 2.495751282798307e-7
Errors (45000): 1.4346475584586582e-7
Errors (48317): 9.99952957551647e-8
