/Users/rob/Projects/Julia/BHAtp cases/cases/figure_07
WOB: 40, Incl: 40
Dalpha: 0.8192412636034146
Errors (1): 17.705219393536353
Errors (100): 0.0326028064570182
Errors (1000): 0.0015457022406215144
Errors (5000): 6.769016659082729e-6
Errors (10000): 1.350596175187159e-6
Errors (15000): 6.656347274366881e-7
Errors (20000): 3.5600254743912024e-7
Errors (25000): 2.1317974767667682e-7
Errors (30000): 1.454215766856307e-7
Errors (35000): 1.1366754361934416e-7
Errors (40000): 1.0018177586388413e-7
Errors (40100): 9.999990792084716e-8

WOB: 40000.0, Incl: 40.0
Force on bit: 1262.64915
New dalpha: 0.5
Errors (1): 15.171086798339491
Errors (100): 0.03293199386512339
Errors (1000): 0.0016102802669524675
Errors (5000): 6.96254398825083e-6
Errors (10000): 1.3497789878938132e-6
Errors (15000): 6.575078305279896e-7
Errors (20000): 3.430697954839264e-7
Errors (25000): 1.9815579323427307e-7
Errors (30000): 1.3012189783577964e-7
Errors (34592): 9.999809613396943e-8

WOB: 40000.0, Incl: 40.0
Force on bit: 151.87611
New dalpha: 0.5683650505237325
Errors (1): 15.16926458295793
Errors (100): 0.033006783524076024
Errors (1000): 0.0015970430467339063
Errors (5000): 9.590243905167018e-6
Errors (10000): 1.3593361336843797e-6
Errors (15000): 6.564597491056991e-7
Errors (20000): 3.412468345811089e-7
Errors (25000): 1.9596937869136544e-7
Errors (30000): 1.2784648099252675e-7
Errors (34055): 9.999655466032835e-8
