/Users/rob/Projects/Julia/BHAtp cases/cases/figure_07
WOB: 20, Incl: 30
Dalpha: 0.0
Errors (1): 17.752740207327683
Errors (100): 0.03171809078992947
Errors (1000): 0.00183441328511704
Errors (5000): 8.23110468453093e-6
Errors (10000): 1.4601614606890503e-6
Errors (15000): 8.030284135348741e-7
Errors (20000): 4.6217342533264545e-7
Errors (25000): 2.830510717308029e-7
Errors (30000): 1.87726764031513e-7
Errors (35000): 1.3596679975703152e-7
Errors (40000): 1.0694993950002486e-7
Errors (41872): 9.999834071744425e-8

WOB: 20000.0, Incl: 30.0
Force on bit: 1086.58103
New dalpha: 0.5
Errors (1): 15.211078523482449
Errors (100): 0.031941608395086765
Errors (1000): 0.0019875196110049004
Errors (5000): 6.810073436826901e-6
Errors (10000): 1.4397045547908505e-6
Errors (15000): 7.787428525164745e-7
Errors (20000): 4.4033018451429925e-7
Errors (25000): 2.6533421276212937e-7
Errors (30000): 1.7385914687875022e-7
Errors (35000): 1.2515794934335726e-7
Errors (39612): 9.999849626246527e-8

WOB: 20000.0, Incl: 30.0
Force on bit: 946.9737
New dalpha: 3.891561531905236
Errors (1): 15.109347750287457
Errors (100): 0.03893784080377974
Errors (1000): 0.0017558057358689745
Errors (5000): 5.7003718280147786e-6
Errors (10000): 1.2992792479517177e-6
Errors (15000): 6.151914382013391e-7
Errors (20000): 2.951670787694326e-7
Errors (25000): 1.4441219287127537e-7
Errors (27658): 9.999044541212736e-8
