/Users/rob/.julia/dev/BHAtp_case_01_example/cases/01
WOB: 40, Incl: 30
Dalpha: 2.356020701118655
Errors (1): 3.034218712456475
Errors (100): 0.0006489634812400232
Errors (860): 9.964105443461841e-8

WOB: 40000.0, Incl: 30.0
Force on bit: 839.09319
New dalpha: 0.5
Errors (1): 2.9260054671764584
Errors (100): 0.0008070092891260962
Errors (862): 9.948949578565748e-8

WOB: 40000.0, Incl: 30.0
Force on bit: 716.008
New dalpha: 3.408587133837954
Errors (1): 2.603150991744832
Errors (100): 0.0005048193898056444
Errors (919): 9.951142352586734e-8

WOB: 40000.0, Incl: 30.0
Force on bit: -149.96569
New dalpha: 2.904890218460385
Errors (1): 2.633302368588373
Errors (100): 0.00045294517958349094
Errors (909): 9.897756935058224e-8
