/Users/rob/Projects/Julia/BHAtp cases/cases/figure_07
WOB: 40, Incl: 35
Dalpha: 2.215438403540544
Errors (1): 17.729152036885942
Errors (100): 0.03211734250675706
Errors (1000): 0.0016350526720216227
Errors (5000): 7.540617194020278e-6
Errors (10000): 1.4164123880084743e-6
Errors (15000): 7.367864031965068e-7
Errors (20000): 4.0639821877977396e-7
Errors (25000): 2.433239132129877e-7
Errors (30000): 1.614046501962681e-7
Errors (35000): 1.1904373958301169e-7
Errors (39551): 9.999948951391045e-8

WOB: 40000.0, Incl: 35.0
Force on bit: 1235.02141
New dalpha: 0.5
Errors (1): 15.190938513314803
Errors (100): 0.0323325422710898
Errors (1000): 0.0017350030658026207
Errors (5000): 6.992084713215755e-6
Errors (10000): 1.412526117496332e-6
Errors (15000): 7.290211167606974e-7
Errors (20000): 3.9551998744642293e-7
Errors (25000): 2.3097920064861188e-7
Errors (30000): 1.4878613603398054e-7
Errors (35000): 1.0688369704614938e-7
Errors (36258): 9.999694155868754e-8

WOB: 40000.0, Incl: 35.0
Force on bit: 481.26213
New dalpha: 0.8192412636034146
Errors (1): 15.181328065790142
Errors (100): 0.03268109120305027
Errors (1000): 0.0016696681132124835
Errors (5000): 9.659585293225114e-6
Errors (10000): 1.4198899207743323e-6
Errors (15000): 7.23960915048503e-7
Errors (20000): 3.8819579747594156e-7
Errors (25000): 2.224379687579556e-7
Errors (30000): 1.3985120502978475e-7
Errors (34679): 9.999984146376049e-8
