/Users/rob/Projects/Julia/BHAtp cases/cases/figure_07
WOB: 60, Incl: 55
Dalpha: -2.095949053081967
Errors (1): 11.322191708545086
Errors (100): 0.10915311081306442
Errors (1000): 0.008102566742092357
Errors (5000): 0.0009659512840682424
Errors (10000): 0.0002063448562997881
Errors (15000): 4.486498195377964e-5
Errors (20000): 1.0264059769681778e-5
Errors (25000): 2.5900521680242325e-6
Errors (30000): 7.63812253171491e-7
Errors (35000): 2.7084583512879226e-7
Errors (40000): 1.122019500640581e-7
Errors (40706): 9.998855511994934e-8

WOB: 60000.0, Incl: 55.0
Force on bit: -4564.65477
New dalpha: -0.5
Errors (1): 11.608123155046998
Errors (100): 0.10894109181954197
Errors (1000): 0.008027822989359253
Errors (5000): 0.0009328769565122509
Errors (10000): 0.00020043225380904164
Errors (15000): 4.384768748619056e-5
Errors (20000): 1.0100332773805207e-5
Errors (25000): 2.567279123213525e-6
Errors (30000): 7.620450212708207e-7
Errors (35000): 2.7143735273212703e-7
Errors (40000): 1.1272474702976182e-7
Errors (40736): 9.999261597633952e-8

WOB: 60000.0, Incl: 55.0
Force on bit: -3551.63321
New dalpha: -2.252989941299966
Errors (1): 12.660281722529076
Errors (100): 0.10880786877680101
Errors (1000): 0.007808629913264194
Errors (5000): 0.000819192336750473
Errors (10000): 0.00018025284355384304
Errors (15000): 4.0477943170950167e-5
Errors (20000): 9.63323614562532e-6
Errors (25000): 2.5563077629733865e-6
Errors (30000): 8.010699011094432e-7
Errors (35000): 3.025853077941373e-7
Errors (40000): 1.3278840808506594e-7
Errors (41883): 9.999648711685136e-8
