/Users/rob/Projects/Julia/BHAtp cases/cases/figure_03
WOB: 35, Incl: 40
Dalpha: -5.4110025642549715
Errors (1): 18.58021889207153
Errors (100): 0.007016582916911284
Errors (1000): 0.0005163081221017778
Errors (4926): 9.98922963509951e-8

WOB: 35000.0, Incl: 40.0
Force on bit: -14137.68671
New dalpha: -0.5
Errors (1): 18.87490902721568
Errors (100): 0.007385441492626562
Errors (1000): 0.0005593731109985035
Errors (4980): 9.988514458815368e-8

WOB: 35000.0, Incl: 40.0
Force on bit: -12863.84019
New dalpha: -5.549211183620461
Errors (1): 27.89131028600916
Errors (100): 0.020991088638051842
Errors (1000): 0.001358009069928603
Errors (5000): 2.867897379772862e-7
Errors (6133): 9.998756791103249e-8

WOB: 35000.0, Incl: 40.0
Force on bit: 11.35201
New dalpha: -5.544759312537047
Errors (1): 27.885107020253024
Errors (100): 0.02096108678005988
Errors (1000): 0.0013571338661223249
Errors (5000): 2.8635776149890443e-7
Errors (6131): 9.994343179093286e-8
