/Users/rob/.julia/dev/BHAtp_case_01_example/cases/01
WOB: 30, Incl: 25
Dalpha: 2.1089001876694042
Errors (1): 3.0758733480184492
Errors (100): 0.00017947664899015814
Errors (852): 9.938458764176102e-8

WOB: 30000.0, Incl: 25.0
Force on bit: 719.24968
New dalpha: 0.5
Errors (1): 2.9562600182294663
Errors (100): 0.0003076530993458011
Errors (857): 9.935923069558136e-8

WOB: 30000.0, Incl: 25.0
Force on bit: 613.23445
New dalpha: 3.392199781106923
Errors (1): 2.611109939508206
Errors (100): 0.0005301120576919545
Errors (924): 9.923234629492084e-8

WOB: 30000.0, Incl: 25.0
Force on bit: -109.4432
New dalpha: 2.954201457672344
Errors (1): 2.6379978874784755
Errors (100): 0.00048245414428486677
Errors (915): 9.905931415249277e-8

WOB: 30000.0, Incl: 25.0
Force on bit: 13.36508
New dalpha: 3.0018682976652906
Errors (1): 2.6350880156904406
Errors (100): 0.0004876653152302104
Errors (916): 9.910738203376448e-8
