/Users/rob/Projects/Julia/BHAtp cases/cases/figure_03
WOB: 35, Incl: 50
Dalpha: -5.6717012384175725
Errors (1): 18.50925067614491
Errors (100): 0.004706827373247243
Errors (1000): 0.00033177552338629494
Errors (4660): 9.992304017259502e-8

WOB: 35000.0, Incl: 50.0
Force on bit: -14693.96086
New dalpha: -0.5
Errors (1): 18.745130418830104
Errors (100): 0.004958163270344086
Errors (1000): 0.00037055821380775936
Errors (4699): 9.993951257333088e-8

WOB: 35000.0, Incl: 50.0
Force on bit: -13426.46678
New dalpha: -5.7964613373184415
Errors (1): 28.201832159695606
Errors (100): 0.011990323861269688
Errors (1000): 0.0009444447584426674
Errors (5000): 1.4002581045280048e-7
Errors (5273): 9.993286883097694e-8

WOB: 35000.0, Incl: 50.0
Force on bit: 14.27331
New dalpha: -5.790836793278131
Errors (1): 28.193719892087394
Errors (100): 0.01198137455560201
Errors (1000): 0.0009431179495505911
Errors (5000): 1.3987130465380227e-7
Errors (5272): 9.993463420466224e-8
