/Users/rob/Projects/Julia/BHAtp cases/cases/figure_07
WOB: 60, Incl: 45
Dalpha: -2.0512044060338455
Errors (1): 11.323073349005387
Errors (100): 0.11025939444836381
Errors (1000): 0.008335577000444959
Errors (5000): 0.0010619633575956505
Errors (10000): 0.00022462747838932815
Errors (15000): 4.8635493540615045e-5
Errors (20000): 1.126391966224642e-5
Errors (25000): 2.9901180948386543e-6
Errors (30000): 9.804499095085455e-7
Errors (35000): 4.0130073857118487e-7
Errors (40000): 1.9191777954394193e-7
Errors (44959): 9.99978422495135e-8

WOB: 60000.0, Incl: 45.0
Force on bit: -3912.58812
New dalpha: -0.5
Errors (1): 11.610231581011847
Errors (100): 0.11006733853892793
Errors (1000): 0.008261022159197256
Errors (5000): 0.0010317357066048794
Errors (10000): 0.00021931116550909197
Errors (15000): 4.776856464371465e-5
Errors (20000): 1.1157866557328898e-5
Errors (25000): 2.999890503943184e-6
Errors (30000): 9.999494495919444e-7
Errors (35000): 4.160422060010212e-7
Errors (40000): 2.0171402343047486e-7
Errors (45000): 1.0575548832921699e-7
Errors (45450): 9.999349854701981e-8

WOB: 60000.0, Incl: 45.0
Force on bit: -2895.46135
New dalpha: -1.9233532315740742
Errors (1): 12.465083945713118
Errors (100): 0.11006911101734349
Errors (1000): 0.00808372333189514
Errors (5000): 0.0009480157649046009
Errors (10000): 0.00020451895743125615
Errors (15000): 4.5426122522133005e-5
Errors (20000): 1.0938177205599735e-5
Errors (25000): 3.0929517392647467e-6
Errors (30000): 1.1068344404690476e-6
Errors (35000): 4.96853965116408e-7
Errors (40000): 2.5792424662767965e-7
Errors (45000): 1.4369566738030909e-7
Errors (48250): 9.999993750954705e-8
