/Users/rob/Projects/Julia/BHAtp cases/cases/figure_07
WOB: 20, Incl: 60
Dalpha: 0.5
Errors (1): 17.627915570527577
Errors (100): 0.03235727340361573
Errors (1000): 0.001376440389316505
Errors (5000): 5.7813773917692415e-6
Errors (10000): 1.1132719517920493e-6
Errors (15000): 4.769715757378805e-7
Errors (20000): 2.4794348217182546e-7
Errors (25000): 1.6098101720190712e-7
Errors (30000): 1.2813759774065352e-7
Errors (35000): 1.1382911668777847e-7
Errors (40000): 1.033594518938818e-7
Errors (41827): 9.999893764443384e-8

WOB: 20000.0, Incl: 60.0
Force on bit: 417.86184
New dalpha: 0.5
Errors (1): 15.110029521705751
Errors (100): 0.032873590302881533
Errors (1000): 0.0012961836484856673
Errors (5000): 6.99500865795241e-6
Errors (10000): 1.1007417124554382e-6
Errors (15000): 4.6169951715863615e-7
Errors (20000): 2.3535341534001718e-7
Errors (25000): 1.5069739073596274e-7
Errors (30000): 1.1971986954058618e-7
Errors (35000): 1.0684810623088844e-7
Errors (38807): 9.999969490521492e-8
