/Users/rob/Projects/Julia/BHAtp cases/cases/figure_03
WOB: 35, Incl: 60
Dalpha: -5.901277485802647
Errors (1): 18.44879761963037
Errors (100): 0.003761252036475772
Errors (1000): 0.00013452388769935952
Errors (4547): 9.999479917026278e-8

WOB: 35000.0, Incl: 60.0
Force on bit: -15143.79508
New dalpha: -0.5
Errors (1): 18.64035179721097
Errors (100): 0.004015429129946229
Errors (1000): 0.0001970976348276142
Errors (4638): 9.986987836085529e-8

WOB: 35000.0, Incl: 60.0
Force on bit: -13883.93157
New dalpha: -6.010093537830939
Errors (1): 28.461999841864294
Errors (100): 0.010127792689549516
Errors (1000): 0.0007588110075188697
Errors (4941): 9.988542342806713e-8

WOB: 35000.0, Incl: 60.0
Force on bit: 19.94009
New dalpha: -6.002191295654117
Errors (1): 28.45007901871289
Errors (100): 0.0101188517780846
Errors (1000): 0.000757973470602493
Errors (4940): 9.992635003980383e-8
