/Users/rob/Projects/Julia/BHAtp cases/cases/figure_07
WOB: 60, Incl: 40
Dalpha: 0.6930473261015823
Errors (1): 17.707238680307913
Errors (100): 0.032867259279488026
Errors (1000): 0.001591885353368768
Errors (5000): 7.648916222968094e-6
Errors (10000): 1.3719481108063105e-6
Errors (15000): 6.782463149434259e-7
Errors (20000): 3.6003993020828656e-7
Errors (25000): 2.1121256664348861e-7
Errors (30000): 1.4008630408828478e-7
Errors (35000): 1.0715796204243337e-7
Errors (36964): 9.999732574002761e-8

WOB: 60000.0, Incl: 40.0
Force on bit: 1053.32446
New dalpha: 0.5
Errors (1): 15.175970512676944
Errors (100): 0.03307623996075516
Errors (1000): 0.0016382291702565278
Errors (5000): 1.1375916431570921e-5
Errors (10000): 1.387481555975506e-6
Errors (15000): 6.849021764593786e-7
Errors (20000): 3.57128629257404e-7
Errors (25000): 2.0186912858714548e-7
Errors (30000): 1.2738392838469132e-7
Errors (33394): 9.999511327930929e-8

WOB: 60000.0, Incl: 40.0
Force on bit: 5.07899
New dalpha: 0.5024226148098689
Errors (1): 15.17559168203923
Errors (100): 0.033078479976238424
Errors (1000): 0.0016378658348926167
Errors (5000): 1.1369454069087266e-5
Errors (10000): 1.402567735751252e-6
Errors (15000): 6.849615088460489e-7
Errors (20000): 3.571252408278793e-7
Errors (25000): 2.0182567574643294e-7
Errors (30000): 1.2731914189623837e-7
Errors (33382): 9.999897046492738e-8
