/Users/rob/.julia/dev/BHAtp_case_01_example/cases/01
WOB: 30, Incl: 20
Dalpha: 4.500029945560724
Errors (1): 3.1201635031288264
Errors (100): 0.00047667698861650646
Errors (849): 9.918588416894956e-8

WOB: 30000.0, Incl: 20.0
Force on bit: 584.70632
New dalpha: 0.5
Errors (1): 2.9881714623486264
Errors (100): 0.0003773602379565152
Errors (855): 9.984113467249745e-8

WOB: 30000.0, Incl: 20.0
Force on bit: 478.86542
New dalpha: 2.7621945769546548
Errors (1): 2.6758220197187543
Errors (100): 0.0004901826374003578
Errors (914): 9.99554003014538e-8

WOB: 30000.0, Incl: 20.0
Force on bit: -2.65672
New dalpha: 2.7497132867350875
Errors (1): 2.672327451908873
Errors (100): 0.000520327677369967
Errors (914): 9.965206270175475e-8
