/Users/rob/Projects/Julia/BHAtp cases/cases/figure_03
WOB: 30, Incl: 50
Dalpha: -5.616694933693333
Errors (1): 18.511619392697128
Errors (100): 0.00469514599661663
Errors (1000): 0.0003350802169051227
Errors (4601): 9.989822032637898e-8

WOB: 30000.0, Incl: 50.0
Force on bit: -14698.47943
New dalpha: -0.5
Errors (1): 18.751672192561465
Errors (100): 0.004920653436548663
Errors (1000): 0.0003718916464345888
Errors (4639): 9.990469599455874e-8

WOB: 30000.0, Incl: 50.0
Force on bit: -13418.0322
New dalpha: -5.739588124221254
Errors (1): 28.11923470562324
Errors (100): 0.011364553699208047
Errors (1000): 0.000874602879332175
Errors (5000): 1.2725221262472376e-7
Errors (5193): 9.987765428433572e-8

WOB: 30000.0, Incl: 50.0
Force on bit: 13.85483
New dalpha: -5.734183552058835
Errors (1): 28.111454191565247
Errors (100): 0.011356751749262164
Errors (1000): 0.0008740589276565354
Errors (5000): 1.2711049930872775e-7
Errors (5192): 9.98843716010188e-8
