/Users/rob/.julia/dev/BHAtp_case_01_example/cases/01
WOB: 20, Incl: 35
Dalpha: 3.365533416094054
Errors (1): 3.0154100314534085
Errors (100): 0.00048787576197366003
Errors (848): 9.908282927718525e-8

WOB: 20000.0, Incl: 35.0
Force on bit: 980.81575
New dalpha: 0.5
Errors (1): 2.902188751163482
Errors (100): 0.00018419680380561283
Errors (821): 9.93248238703896e-8

WOB: 20000.0, Incl: 35.0
Force on bit: 882.50885
New dalpha: 4.988539715930422
Errors (1): 2.451229761602193
Errors (100): 0.0006134335206001587
Errors (938): 9.971918148903376e-8

WOB: 20000.0, Incl: 35.0
Force on bit: -294.99994
New dalpha: 3.864030958006762
Errors (1): 2.525086600211009
Errors (100): 0.0005116447504691332
Errors (921): 9.921820924357892e-8
