/Users/rob/Projects/Julia/BHAtp cases/cases/figure_03
WOB: 35, Incl: 55
Dalpha: -5.790836793278131
Errors (1): 18.474576009908063
Errors (100): 0.004189065083240641
Errors (1000): 0.0002498606860312686
Errors (4576): 9.995593011955003e-8

WOB: 35000.0, Incl: 55.0
Force on bit: -14933.22894
New dalpha: -0.5
Errors (1): 18.6930476765942
Errors (100): 0.0044444311273233676
Errors (1000): 0.00028552461065781853
Errors (4599): 9.997264636306879e-8

WOB: 35000.0, Incl: 55.0
Force on bit: -13669.30679
New dalpha: -5.907495544721642
Errors (1): 28.337964645997197
Errors (100): 0.01097166059886068
Errors (1000): 0.0008367055809925063
Errors (5000): 1.1051632769393321e-7
Errors (5074): 9.9994311725851e-8

WOB: 35000.0, Incl: 55.0
Force on bit: 15.73638
New dalpha: -5.901277485802647
Errors (1): 28.328892321095374
Errors (100): 0.010959422190656005
Errors (1000): 0.000836038069652363
Errors (5000): 1.1040676686750832e-7
Errors (5074): 9.989276659091297e-8
