/Users/rob/.julia/dev/BHAtp_case_01_example/cases/01
WOB: 30, Incl: 35
Dalpha: 3.0018682976652906
Errors (1): 3.0104463094928775
Errors (100): 0.0006956991657326362
Errors (854): 9.910842764563072e-8

WOB: 30000.0, Incl: 35.0
Force on bit: 971.37168
New dalpha: 0.5
Errors (1): 2.9006457425663212
Errors (100): 0.0001837571869839992
Errors (821): 9.940743924422738e-8

WOB: 30000.0, Incl: 35.0
Force on bit: 832.53147
New dalpha: 3.498164112543478
Errors (1): 2.568719108706047
Errors (100): 0.0004788673291866808
Errors (914): 9.976224689921274e-8

WOB: 30000.0, Incl: 35.0
Force on bit: -8.64924
New dalpha: 3.4673362052216667
Errors (1): 2.5675347573067624
Errors (100): 0.0004759630636551512
Errors (914): 9.915376215918768e-8
