/Users/rob/Projects/Julia/BHAtp cases/cases/figure_07
WOB: 20, Incl: 40
Dalpha: 0.995623516895676
Errors (1): 17.703336682749534
Errors (100): 0.03252927653479631
Errors (1000): 0.0015169365626386813
Errors (5000): 6.46231458196862e-6
Errors (10000): 1.3330007532862868e-6
Errors (15000): 6.54631290172932e-7
Errors (20000): 3.5272892251692887e-7
Errors (25000): 2.1521021294671298e-7
Errors (30000): 1.5030742320647428e-7
Errors (35000): 1.1929670360809985e-7
Errors (40000): 1.0590270634477179e-7
Errors (43242): 9.99989586663616e-8

WOB: 20000.0, Incl: 40.0
Force on bit: 1400.79996
New dalpha: 0.5
Errors (1): 15.166395260528668
Errors (100): 0.03293034118055902
Errors (1000): 0.0015833847433873503
Errors (5000): 6.119368033172943e-6
Errors (10000): 1.3172788342721442e-6
Errors (15000): 6.333563524227229e-7
Errors (20000): 3.316619572477571e-7
Errors (25000): 1.962134605229962e-7
Errors (30000): 1.3374322030377025e-7
Errors (35000): 1.0478167593261535e-7
Errors (36493): 9.999804043845653e-8

WOB: 20000.0, Incl: 40.0
Force on bit: 297.37689
New dalpha: 0.634751981395495
Errors (1): 15.162337432775988
Errors (100): 0.03309295191289565
Errors (1000): 0.001551961167547063
Errors (5000): 8.170952612089324e-6
Errors (10000): 1.3186637479828577e-6
Errors (15000): 6.27497780994452e-7
Errors (20000): 3.25737237902585e-7
Errors (25000): 1.9076768846935026e-7
Errors (30000): 1.2890191153127192e-7
Errors (35000): 1.0043762226637682e-7
Errors (35131): 9.999911320297246e-8
