/Users/rob/Projects/Julia/BHAtp cases/cases/figure_03
WOB: 40, Incl: 45
Dalpha: -5.5995619861711825
Errors (1): 18.542187109122718
Errors (100): 0.005358368048291528
Errors (1000): 0.00041837316640364107
Errors (4841): 9.992918128400663e-8

WOB: 40000.0, Incl: 45.0
Force on bit: -14422.93187
New dalpha: -0.5
Errors (1): 18.795014496431968
Errors (100): 0.0057585881032394945
Errors (1000): 0.00046318063084826446
Errors (4886): 9.987725162085882e-8

WOB: 40000.0, Incl: 45.0
Force on bit: -13165.15621
New dalpha: -5.733507305269362
Errors (1): 28.13527764586992
Errors (100): 0.014975848153601782
Errors (1000): 0.001109333651516362
Errors (5000): 2.0805083413520707e-7
Errors (5680): 9.998213775261705e-8

WOB: 40000.0, Incl: 45.0
Force on bit: 13.184
New dalpha: -5.728271550294672
Errors (1): 28.127822454723308
Errors (100): 0.014915939342290593
Errors (1000): 0.0011086539737339338
Errors (5000): 2.077780360243403e-7
Errors (5679): 9.992655940175575e-8
