/Users/rob/Projects/Julia/BHAtp cases/cases/figure_07
WOB: 20, Incl: 55
Dalpha: -1.755487436239592
Errors (1): 11.322852514920037
Errors (100): 0.11064794339621768
Errors (1000): 0.007803603797810419
Errors (5000): 0.0008962028144325057
Errors (10000): 0.00016042239706234664
Errors (15000): 2.9921421790303927e-5
Errors (20000): 6.1954303958733675e-6
Errors (25000): 1.5651342774388327e-6
Errors (30000): 5.132268934174921e-7
Errors (35000): 2.087163097592522e-7
Errors (39700): 9.99914325760441e-8

WOB: 20000.0, Incl: 55.0
Force on bit: -4367.77544
New dalpha: -0.5
Errors (1): 11.609030389335027
Errors (100): 0.11061285103324314
Errors (1000): 0.007796659698509346
Errors (5000): 0.0008928982295783193
Errors (10000): 0.00016003946641968806
Errors (15000): 2.997504493384327e-5
Errors (20000): 6.283704979657325e-6
Errors (25000): 1.630837576008855e-6
Errors (30000): 5.556793504749779e-7
Errors (35000): 2.3466723761085036e-7
Errors (40000): 1.109704177002782e-7
Errors (40728): 9.999751710415031e-8

WOB: 20000.0, Incl: 55.0
Force on bit: -3209.3849
New dalpha: -1.8852775852261359
Errors (1): 12.441290622935325
Errors (100): 0.110979499654849
Errors (1000): 0.007786104955865671
Errors (5000): 0.0008843422837903847
Errors (10000): 0.0001590936455721778
Errors (15000): 3.0204170328478197e-5
Errors (20000): 6.610130288656986e-6
Errors (25000): 1.8858311964931846e-6
Errors (30000): 7.312882797010938e-7
Errors (35000): 3.493219337759314e-7
Errors (40000): 1.8351880934538654e-7
Errors (44995): 9.998919304181652e-8
