/Users/rob/Projects/Julia/BHAtp cases/cases/figure_07
WOB: 40, Incl: 30
Dalpha: 0.5
Errors (1): 17.75458065413929
Errors (100): 0.03184255862558157
Errors (1000): 0.0019336846230601102
Errors (5000): 8.002638570839502e-6
Errors (10000): 1.476888594000674e-6
Errors (15000): 8.19039797196216e-7
Errors (20000): 4.720299562359027e-7
Errors (25000): 2.8691983751275713e-7
Errors (30000): 1.8723068556649168e-7
Errors (35000): 1.3272147800444399e-7
Errors (40000): 1.0220798050440283e-7
Errors (40543): 9.99993925542546e-8

WOB: 40000.0, Incl: 30.0
Force on bit: 1073.97967
New dalpha: 0.5
Errors (1): 15.216675374729478
Errors (100): 0.03190513354413285
Errors (1000): 0.0020396620548990873
Errors (5000): 7.2516895610941275e-6
Errors (10000): 1.4685092403412205e-6
Errors (15000): 8.098665172208429e-7
Errors (20000): 4.6217488551770717e-7
Errors (25000): 2.770088997746436e-7
Errors (30000): 1.7766708345208238e-7
Errors (35000): 1.2373059534102475e-7
Errors (38716): 9.999631376745123e-8

WOB: 40000.0, Incl: 30.0
Force on bit: 831.59431
New dalpha: 2.215438403540544
Errors (1): 15.169624675004787
Errors (100): 0.034095370746626795
Errors (1000): 0.001978629771389507
Errors (5000): 7.37100006806522e-6
Errors (10000): 1.444419922552757e-6
Errors (15000): 7.795967168172092e-7
Errors (20000): 4.2798736324584334e-7
Errors (25000): 2.400849114485315e-7
Errors (30000): 1.3940524870965365e-7
Errors (33310): 9.999664005730413e-8
